<?xml version="1.0" encoding="UTF-8"?>
<testng-results skipped="0" failed="0" ignored="0" total="1" passed="1">
  <reporter-output>
  </reporter-output>
  <suite name="Default suite" duration-ms="8565" started-at="2021-04-29T04:18:15Z" finished-at="2021-04-29T04:18:24Z">
    <groups>
    </groups>
    <test name="Default test" duration-ms="8565" started-at="2021-04-29T04:18:15Z" finished-at="2021-04-29T04:18:24Z">
      <class name="com.globant.api.testing.wil.angel.test.TestAll">
        <test-method status="PASS" signature="test4()[pri:0, instance:com.globant.api.testing.wil.angel.test.TestAll@39c0f4a]" name="test4" duration-ms="8524" started-at="2021-04-29T04:18:15Z" finished-at="2021-04-29T04:18:24Z">
          <reporter-output>
          </reporter-output>
        </test-method> <!-- test4 -->
      </class> <!-- com.globant.api.testing.wil.angel.test.TestAll -->
    </test> <!-- Default test -->
  </suite> <!-- Default suite -->
</testng-results>
